CRITICAL - 2025-09-30 00:40:54 --> CodeIgniter\Exceptions\CriticalError: The required PHP extension "pgsql" is not loaded. Install and enable it to use "Postgre" driver.
[Method: GET, Route: /]
in SYSTEMPATH\Database\Database.php on line 182.
 1 SYSTEMPATH\Database\Database.php(59): CodeIgniter\Database\Database->checkDbExtension('Postgre')
 2 SYSTEMPATH\Database\Config.php(82): CodeIgniter\Database\Database->load([...], 'default')
 3 SYSTEMPATH\Model.php(155): CodeIgniter\Database\Config::connect('default')
 4 APPPATH\Controllers\Dashboard.php(11): CodeIgniter\Model->__construct()
 5 SYSTEMPATH\CodeIgniter.php(933): App\Controllers\Dashboard->index()
 6 SYSTEMPATH\CodeIgniter.php(507): CodeIgniter\CodeIgniter->runController(Object(App\Controllers\Dashboard))
 7 SYSTEMPATH\CodeIgniter.php(354): CodeIgniter\CodeIgniter->handleRequest(null, Object(Config\Cache), false)
 8 SYSTEMPATH\Boot.php(363): CodeIgniter\CodeIgniter->run()
 9 SYSTEMPATH\Boot.php(68): CodeIgniter\Boot::runCodeIgniter(Object(CodeIgniter\CodeIgniter))
10 FCPATH\index.php(59): CodeIgniter\Boot::bootWeb(Object(Config\Paths))
11 SYSTEMPATH\rewrite.php(44): require_once('C:\\xampp\\htdocs\\chartsci\\public\\index.php')
ERROR - 2025-09-30 00:47:41 --> Error connecting to the database: ErrorException: pg_connect(): Unable to connect to PostgreSQL server: FATAL:  database &quot;default&quot; does not exist in C:\xampp\htdocs\chartsci\system\Database\Postgre\Connection.php:78
Stack trace:
#0 [internal function]: CodeIgniter\Debug\Exceptions->errorHandler(2, 'pg_connect(): U...', 'C:\\xampp\\htdocs...', 78)
#1 C:\xampp\htdocs\chartsci\system\Database\Postgre\Connection.php(78): pg_connect('host=db.sxlhygc...')
#2 C:\xampp\htdocs\chartsci\system\Database\BaseConnection.php(419): CodeIgniter\Database\Postgre\Connection->connect(false)
#3 C:\xampp\htdocs\chartsci\system\Database\BaseConnection.php(614): CodeIgniter\Database\BaseConnection->initialize()
#4 C:\xampp\htdocs\chartsci\system\Database\BaseBuilder.php(1649): CodeIgniter\Database\BaseConnection->query('SELECT "RUMAH_S...', Array, false)
#5 C:\xampp\htdocs\chartsci\system\Model.php(286): CodeIgniter\Database\BaseBuilder->get()
#6 C:\xampp\htdocs\chartsci\system\BaseModel.php(677): CodeIgniter\Model->doFindAll(0, 0)
#7 C:\xampp\htdocs\chartsci\app\Controllers\Dashboard.php(17): CodeIgniter\BaseModel->findAll()
#8 C:\xampp\htdocs\chartsci\system\CodeIgniter.php(933): App\Controllers\Dashboard->index()
#9 C:\xampp\htdocs\chartsci\system\CodeIgniter.php(507): CodeIgniter\CodeIgniter->runController(Object(App\Controllers\Dashboard))
#10 C:\xampp\htdocs\chartsci\system\CodeIgniter.php(354): CodeIgniter\CodeIgniter->handleRequest(NULL, Object(Config\Cache), false)
#11 C:\xampp\htdocs\chartsci\system\Boot.php(363): CodeIgniter\CodeIgniter->run()
#12 C:\xampp\htdocs\chartsci\system\Boot.php(68): CodeIgniter\Boot::runCodeIgniter(Object(CodeIgniter\CodeIgniter))
#13 C:\xampp\htdocs\chartsci\public\index.php(59): CodeIgniter\Boot::bootWeb(Object(Config\Paths))
#14 C:\xampp\htdocs\chartsci\system\rewrite.php(44): require_once('C:\\xampp\\htdocs...')
#15 {main}
CRITICAL - 2025-09-30 00:47:41 --> CodeIgniter\Database\Exceptions\DatabaseException: Unable to connect to the database.
Main connection [Postgre]: pg_connect(): Unable to connect to PostgreSQL server: FATAL:  database &quot;default&quot; does not exist
[Method: GET, Route: /]
in SYSTEMPATH\Database\BaseConnection.php on line 465.
 1 SYSTEMPATH\Database\BaseConnection.php(614): CodeIgniter\Database\BaseConnection->initialize()
 2 SYSTEMPATH\Database\BaseBuilder.php(1649): CodeIgniter\Database\BaseConnection->query('SELECT "RUMAH_SAKIT", "JENIS" "RS", "PROVINSI"
FROM "data_rs"
 LIMIT 10', [], false)
 3 SYSTEMPATH\Model.php(286): CodeIgniter\Database\BaseBuilder->get()
 4 SYSTEMPATH\BaseModel.php(677): CodeIgniter\Model->doFindAll(0, 0)
 5 APPPATH\Controllers\Dashboard.php(17): CodeIgniter\BaseModel->findAll()
 6 SYSTEMPATH\CodeIgniter.php(933): App\Controllers\Dashboard->index()
 7 SYSTEMPATH\CodeIgniter.php(507): CodeIgniter\CodeIgniter->runController(Object(App\Controllers\Dashboard))
 8 SYSTEMPATH\CodeIgniter.php(354): CodeIgniter\CodeIgniter->handleRequest(null, Object(Config\Cache), false)
 9 SYSTEMPATH\Boot.php(363): CodeIgniter\CodeIgniter->run()
10 SYSTEMPATH\Boot.php(68): CodeIgniter\Boot::runCodeIgniter(Object(CodeIgniter\CodeIgniter))
11 FCPATH\index.php(59): CodeIgniter\Boot::bootWeb(Object(Config\Paths))
12 SYSTEMPATH\rewrite.php(44): require_once('C:\\xampp\\htdocs\\chartsci\\public\\index.php')
ERROR - 2025-09-30 00:51:01 --> Error connecting to the database: CodeIgniter\Database\Exceptions\DatabaseException: ERROR:  invalid value for parameter "client_encoding": "utf8mb4" in C:\xampp\htdocs\chartsci\system\Database\Postgre\Connection.php:98
Stack trace:
#0 C:\xampp\htdocs\chartsci\system\Database\BaseConnection.php(419): CodeIgniter\Database\Postgre\Connection->connect(false)
#1 C:\xampp\htdocs\chartsci\system\Database\BaseConnection.php(614): CodeIgniter\Database\BaseConnection->initialize()
#2 C:\xampp\htdocs\chartsci\system\Database\BaseConnection.php(1525): CodeIgniter\Database\BaseConnection->query('SELECT "table_n...')
#3 C:\xampp\htdocs\chartsci\system\Commands\Database\ShowTableInfo.php(121): CodeIgniter\Database\BaseConnection->listTables()
#4 C:\xampp\htdocs\chartsci\system\CLI\Commands.php(74): CodeIgniter\Commands\Database\ShowTableInfo->run(Array)
#5 C:\xampp\htdocs\chartsci\system\CLI\Console.php(47): CodeIgniter\CLI\Commands->run('db:table', Array)
#6 C:\xampp\htdocs\chartsci\system\Boot.php(388): CodeIgniter\CLI\Console->run()
#7 C:\xampp\htdocs\chartsci\system\Boot.php(133): CodeIgniter\Boot::runCommand(Object(CodeIgniter\CLI\Console))
#8 C:\xampp\htdocs\chartsci\spark(87): CodeIgniter\Boot::bootSpark(Object(Config\Paths))
#9 {main}
CRITICAL - 2025-09-30 00:51:01 --> CodeIgniter\Database\Exceptions\DatabaseException: Unable to connect to the database.
Main connection [Postgre]: ERROR:  invalid value for parameter "client_encoding": "utf8mb4"
[Method: CLI, Route: db:table/data_rs]
in SYSTEMPATH\Database\BaseConnection.php on line 465.
 1 SYSTEMPATH\Database\BaseConnection.php(614): CodeIgniter\Database\BaseConnection->initialize()
 2 SYSTEMPATH\Database\BaseConnection.php(1525): CodeIgniter\Database\BaseConnection->query('SELECT "table_name" FROM "information_schema"."tables" WHERE "table_schema" = \'public\'')
 3 SYSTEMPATH\Commands\Database\ShowTableInfo.php(121): CodeIgniter\Database\BaseConnection->listTables()
 4 SYSTEMPATH\CLI\Commands.php(74): CodeIgniter\Commands\Database\ShowTableInfo->run([...])
 5 SYSTEMPATH\CLI\Console.php(47): CodeIgniter\CLI\Commands->run('db:table', [...])
 6 SYSTEMPATH\Boot.php(388): CodeIgniter\CLI\Console->run()
 7 SYSTEMPATH\Boot.php(133): CodeIgniter\Boot::runCommand(Object(CodeIgniter\CLI\Console))
 8 ROOTPATH\spark(87): CodeIgniter\Boot::bootSpark(Object(Config\Paths))
ERROR - 2025-09-30 00:52:11 --> ErrorException: pg_query(): Query failed: ERROR:  column &quot;JENIS&quot; does not exist
LINE 1: SELECT &quot;RUMAH_SAKIT&quot;, &quot;JENIS&quot; &quot;RS&quot;, &quot;PROVINSI&quot;
                              ^ in C:\xampp\htdocs\chartsci\system\Database\Postgre\Connection.php:206
Stack trace:
#0 [internal function]: CodeIgniter\Debug\Exceptions->errorHandler(2, 'pg_query(): Que...', 'C:\\xampp\\htdocs...', 206)
#1 C:\xampp\htdocs\chartsci\system\Database\Postgre\Connection.php(206): pg_query(Object(PgSql\Connection), 'SELECT "RUMAH_S...')
#2 C:\xampp\htdocs\chartsci\system\Database\BaseConnection.php(729): CodeIgniter\Database\Postgre\Connection->execute('SELECT "RUMAH_S...')
#3 C:\xampp\htdocs\chartsci\system\Database\BaseConnection.php(646): CodeIgniter\Database\BaseConnection->simpleQuery('SELECT "RUMAH_S...')
#4 C:\xampp\htdocs\chartsci\system\Database\BaseBuilder.php(1649): CodeIgniter\Database\BaseConnection->query('SELECT "RUMAH_S...', Array, false)
#5 C:\xampp\htdocs\chartsci\system\Model.php(286): CodeIgniter\Database\BaseBuilder->get()
#6 C:\xampp\htdocs\chartsci\system\BaseModel.php(677): CodeIgniter\Model->doFindAll(0, 0)
#7 C:\xampp\htdocs\chartsci\app\Controllers\Dashboard.php(17): CodeIgniter\BaseModel->findAll()
#8 C:\xampp\htdocs\chartsci\system\CodeIgniter.php(933): App\Controllers\Dashboard->index()
#9 C:\xampp\htdocs\chartsci\system\CodeIgniter.php(507): CodeIgniter\CodeIgniter->runController(Object(App\Controllers\Dashboard))
#10 C:\xampp\htdocs\chartsci\system\CodeIgniter.php(354): CodeIgniter\CodeIgniter->handleRequest(NULL, Object(Config\Cache), false)
#11 C:\xampp\htdocs\chartsci\system\Boot.php(363): CodeIgniter\CodeIgniter->run()
#12 C:\xampp\htdocs\chartsci\system\Boot.php(68): CodeIgniter\Boot::runCodeIgniter(Object(CodeIgniter\CodeIgniter))
#13 C:\xampp\htdocs\chartsci\public\index.php(59): CodeIgniter\Boot::bootWeb(Object(Config\Paths))
#14 C:\xampp\htdocs\chartsci\system\rewrite.php(44): require_once('C:\\xampp\\htdocs...')
#15 {main}
CRITICAL - 2025-09-30 00:52:11 --> CodeIgniter\Database\Exceptions\DatabaseException: pg_query(): Query failed: ERROR:  column &quot;JENIS&quot; does not exist
LINE 1: SELECT &quot;RUMAH_SAKIT&quot;, &quot;JENIS&quot; &quot;RS&quot;, &quot;PROVINSI&quot;
                              ^
[Method: GET, Route: /]
in SYSTEMPATH\Database\BaseConnection.php on line 684.
 1 SYSTEMPATH\Database\BaseBuilder.php(1649): CodeIgniter\Database\BaseConnection->query('SELECT "RUMAH_SAKIT", "JENIS" "RS", "PROVINSI"
FROM "data_rs"
 LIMIT 10', [], false)
 2 SYSTEMPATH\Model.php(286): CodeIgniter\Database\BaseBuilder->get()
 3 SYSTEMPATH\BaseModel.php(677): CodeIgniter\Model->doFindAll(0, 0)
 4 APPPATH\Controllers\Dashboard.php(17): CodeIgniter\BaseModel->findAll()
 5 SYSTEMPATH\CodeIgniter.php(933): App\Controllers\Dashboard->index()
 6 SYSTEMPATH\CodeIgniter.php(507): CodeIgniter\CodeIgniter->runController(Object(App\Controllers\Dashboard))
 7 SYSTEMPATH\CodeIgniter.php(354): CodeIgniter\CodeIgniter->handleRequest(null, Object(Config\Cache), false)
 8 SYSTEMPATH\Boot.php(363): CodeIgniter\CodeIgniter->run()
 9 SYSTEMPATH\Boot.php(68): CodeIgniter\Boot::runCodeIgniter(Object(CodeIgniter\CodeIgniter))
10 FCPATH\index.php(59): CodeIgniter\Boot::bootWeb(Object(Config\Paths))
11 SYSTEMPATH\rewrite.php(44): require_once('C:\\xampp\\htdocs\\chartsci\\public\\index.php')
CRITICAL - 2025-09-30 00:52:11 --> [Caused by] CodeIgniter\Database\Exceptions\DatabaseException: pg_query(): Query failed: ERROR:  column &quot;JENIS&quot; does not exist
LINE 1: SELECT &quot;RUMAH_SAKIT&quot;, &quot;JENIS&quot; &quot;RS&quot;, &quot;PROVINSI&quot;
                              ^
in SYSTEMPATH\Database\Postgre\Connection.php on line 211.
 1 SYSTEMPATH\Database\BaseConnection.php(729): CodeIgniter\Database\Postgre\Connection->execute('SELECT "RUMAH_SAKIT", "JENIS" "RS", "PROVINSI"
FROM "data_rs"
 LIMIT 10')
 2 SYSTEMPATH\Database\BaseConnection.php(646): CodeIgniter\Database\BaseConnection->simpleQuery('SELECT "RUMAH_SAKIT", "JENIS" "RS", "PROVINSI"
FROM "data_rs"
 LIMIT 10')
 3 SYSTEMPATH\Database\BaseBuilder.php(1649): CodeIgniter\Database\BaseConnection->query('SELECT "RUMAH_SAKIT", "JENIS" "RS", "PROVINSI"
FROM "data_rs"
 LIMIT 10', [], false)
 4 SYSTEMPATH\Model.php(286): CodeIgniter\Database\BaseBuilder->get()
 5 SYSTEMPATH\BaseModel.php(677): CodeIgniter\Model->doFindAll(0, 0)
 6 APPPATH\Controllers\Dashboard.php(17): CodeIgniter\BaseModel->findAll()
 7 SYSTEMPATH\CodeIgniter.php(933): App\Controllers\Dashboard->index()
 8 SYSTEMPATH\CodeIgniter.php(507): CodeIgniter\CodeIgniter->runController(Object(App\Controllers\Dashboard))
 9 SYSTEMPATH\CodeIgniter.php(354): CodeIgniter\CodeIgniter->handleRequest(null, Object(Config\Cache), false)
10 SYSTEMPATH\Boot.php(363): CodeIgniter\CodeIgniter->run()
11 SYSTEMPATH\Boot.php(68): CodeIgniter\Boot::runCodeIgniter(Object(CodeIgniter\CodeIgniter))
12 FCPATH\index.php(59): CodeIgniter\Boot::bootWeb(Object(Config\Paths))
13 SYSTEMPATH\rewrite.php(44): require_once('C:\\xampp\\htdocs\\chartsci\\public\\index.php')
CRITICAL - 2025-09-30 00:52:11 --> [Caused by] ErrorException: pg_query(): Query failed: ERROR:  column &quot;JENIS&quot; does not exist
LINE 1: SELECT &quot;RUMAH_SAKIT&quot;, &quot;JENIS&quot; &quot;RS&quot;, &quot;PROVINSI&quot;
                              ^
in SYSTEMPATH\Database\Postgre\Connection.php on line 206.
 1 [internal function]: CodeIgniter\Debug\Exceptions->errorHandler(2, 'pg_query(): Query failed: ERROR:  column &quot;JENIS&quot; does not exist
LINE 1: SELECT &quot;RUMAH_SAKIT&quot;, &quot;JENIS&quot; &quot;RS&quot;, &quot;PROVINSI&quot;
                              ^', 'C:\\xampp\\htdocs\\chartsci\\system\\Database\\Postgre\\Connection.php', 206)
 2 SYSTEMPATH\Database\Postgre\Connection.php(206): pg_query(Object(PgSql\Connection), 'SELECT "RUMAH_SAKIT", "JENIS" "RS", "PROVINSI"
FROM "data_rs"
 LIMIT 10')
 3 SYSTEMPATH\Database\BaseConnection.php(729): CodeIgniter\Database\Postgre\Connection->execute('SELECT "RUMAH_SAKIT", "JENIS" "RS", "PROVINSI"
FROM "data_rs"
 LIMIT 10')
 4 SYSTEMPATH\Database\BaseConnection.php(646): CodeIgniter\Database\BaseConnection->simpleQuery('SELECT "RUMAH_SAKIT", "JENIS" "RS", "PROVINSI"
FROM "data_rs"
 LIMIT 10')
 5 SYSTEMPATH\Database\BaseBuilder.php(1649): CodeIgniter\Database\BaseConnection->query('SELECT "RUMAH_SAKIT", "JENIS" "RS", "PROVINSI"
FROM "data_rs"
 LIMIT 10', [], false)
 6 SYSTEMPATH\Model.php(286): CodeIgniter\Database\BaseBuilder->get()
 7 SYSTEMPATH\BaseModel.php(677): CodeIgniter\Model->doFindAll(0, 0)
 8 APPPATH\Controllers\Dashboard.php(17): CodeIgniter\BaseModel->findAll()
 9 SYSTEMPATH\CodeIgniter.php(933): App\Controllers\Dashboard->index()
10 SYSTEMPATH\CodeIgniter.php(507): CodeIgniter\CodeIgniter->runController(Object(App\Controllers\Dashboard))
11 SYSTEMPATH\CodeIgniter.php(354): CodeIgniter\CodeIgniter->handleRequest(null, Object(Config\Cache), false)
12 SYSTEMPATH\Boot.php(363): CodeIgniter\CodeIgniter->run()
13 SYSTEMPATH\Boot.php(68): CodeIgniter\Boot::runCodeIgniter(Object(CodeIgniter\CodeIgniter))
14 FCPATH\index.php(59): CodeIgniter\Boot::bootWeb(Object(Config\Paths))
15 SYSTEMPATH\rewrite.php(44): require_once('C:\\xampp\\htdocs\\chartsci\\public\\index.php')
ERROR - 2025-09-30 00:53:36 --> ErrorException: pg_query(): Query failed: ERROR:  column &quot;JENIS&quot; does not exist
LINE 1: SELECT &quot;RUMAH_SAKIT&quot;, &quot;JENIS&quot; &quot;RS&quot;, &quot;PROVINSI&quot;
                              ^ in C:\xampp\htdocs\chartsci\system\Database\Postgre\Connection.php:206
Stack trace:
#0 [internal function]: CodeIgniter\Debug\Exceptions->errorHandler(2, 'pg_query(): Que...', 'C:\\xampp\\htdocs...', 206)
#1 C:\xampp\htdocs\chartsci\system\Database\Postgre\Connection.php(206): pg_query(Object(PgSql\Connection), 'SELECT "RUMAH_S...')
#2 C:\xampp\htdocs\chartsci\system\Database\BaseConnection.php(729): CodeIgniter\Database\Postgre\Connection->execute('SELECT "RUMAH_S...')
#3 C:\xampp\htdocs\chartsci\system\Database\BaseConnection.php(646): CodeIgniter\Database\BaseConnection->simpleQuery('SELECT "RUMAH_S...')
#4 C:\xampp\htdocs\chartsci\system\Database\BaseBuilder.php(1649): CodeIgniter\Database\BaseConnection->query('SELECT "RUMAH_S...', Array, false)
#5 C:\xampp\htdocs\chartsci\system\Model.php(286): CodeIgniter\Database\BaseBuilder->get()
#6 C:\xampp\htdocs\chartsci\system\BaseModel.php(677): CodeIgniter\Model->doFindAll(0, 0)
#7 C:\xampp\htdocs\chartsci\app\Controllers\Dashboard.php(17): CodeIgniter\BaseModel->findAll()
#8 C:\xampp\htdocs\chartsci\system\CodeIgniter.php(933): App\Controllers\Dashboard->index()
#9 C:\xampp\htdocs\chartsci\system\CodeIgniter.php(507): CodeIgniter\CodeIgniter->runController(Object(App\Controllers\Dashboard))
#10 C:\xampp\htdocs\chartsci\system\CodeIgniter.php(354): CodeIgniter\CodeIgniter->handleRequest(NULL, Object(Config\Cache), false)
#11 C:\xampp\htdocs\chartsci\system\Boot.php(363): CodeIgniter\CodeIgniter->run()
#12 C:\xampp\htdocs\chartsci\system\Boot.php(68): CodeIgniter\Boot::runCodeIgniter(Object(CodeIgniter\CodeIgniter))
#13 C:\xampp\htdocs\chartsci\public\index.php(59): CodeIgniter\Boot::bootWeb(Object(Config\Paths))
#14 C:\xampp\htdocs\chartsci\system\rewrite.php(44): require_once('C:\\xampp\\htdocs...')
#15 {main}
CRITICAL - 2025-09-30 00:53:36 --> CodeIgniter\Database\Exceptions\DatabaseException: pg_query(): Query failed: ERROR:  column &quot;JENIS&quot; does not exist
LINE 1: SELECT &quot;RUMAH_SAKIT&quot;, &quot;JENIS&quot; &quot;RS&quot;, &quot;PROVINSI&quot;
                              ^
[Method: GET, Route: /]
in SYSTEMPATH\Database\BaseConnection.php on line 684.
 1 SYSTEMPATH\Database\BaseBuilder.php(1649): CodeIgniter\Database\BaseConnection->query('SELECT "RUMAH_SAKIT", "JENIS" "RS", "PROVINSI"
FROM "data_rs"
 LIMIT 10', [], false)
 2 SYSTEMPATH\Model.php(286): CodeIgniter\Database\BaseBuilder->get()
 3 SYSTEMPATH\BaseModel.php(677): CodeIgniter\Model->doFindAll(0, 0)
 4 APPPATH\Controllers\Dashboard.php(17): CodeIgniter\BaseModel->findAll()
 5 SYSTEMPATH\CodeIgniter.php(933): App\Controllers\Dashboard->index()
 6 SYSTEMPATH\CodeIgniter.php(507): CodeIgniter\CodeIgniter->runController(Object(App\Controllers\Dashboard))
 7 SYSTEMPATH\CodeIgniter.php(354): CodeIgniter\CodeIgniter->handleRequest(null, Object(Config\Cache), false)
 8 SYSTEMPATH\Boot.php(363): CodeIgniter\CodeIgniter->run()
 9 SYSTEMPATH\Boot.php(68): CodeIgniter\Boot::runCodeIgniter(Object(CodeIgniter\CodeIgniter))
10 FCPATH\index.php(59): CodeIgniter\Boot::bootWeb(Object(Config\Paths))
11 SYSTEMPATH\rewrite.php(44): require_once('C:\\xampp\\htdocs\\chartsci\\public\\index.php')
CRITICAL - 2025-09-30 00:53:36 --> [Caused by] CodeIgniter\Database\Exceptions\DatabaseException: pg_query(): Query failed: ERROR:  column &quot;JENIS&quot; does not exist
LINE 1: SELECT &quot;RUMAH_SAKIT&quot;, &quot;JENIS&quot; &quot;RS&quot;, &quot;PROVINSI&quot;
                              ^
in SYSTEMPATH\Database\Postgre\Connection.php on line 211.
 1 SYSTEMPATH\Database\BaseConnection.php(729): CodeIgniter\Database\Postgre\Connection->execute('SELECT "RUMAH_SAKIT", "JENIS" "RS", "PROVINSI"
FROM "data_rs"
 LIMIT 10')
 2 SYSTEMPATH\Database\BaseConnection.php(646): CodeIgniter\Database\BaseConnection->simpleQuery('SELECT "RUMAH_SAKIT", "JENIS" "RS", "PROVINSI"
FROM "data_rs"
 LIMIT 10')
 3 SYSTEMPATH\Database\BaseBuilder.php(1649): CodeIgniter\Database\BaseConnection->query('SELECT "RUMAH_SAKIT", "JENIS" "RS", "PROVINSI"
FROM "data_rs"
 LIMIT 10', [], false)
 4 SYSTEMPATH\Model.php(286): CodeIgniter\Database\BaseBuilder->get()
 5 SYSTEMPATH\BaseModel.php(677): CodeIgniter\Model->doFindAll(0, 0)
 6 APPPATH\Controllers\Dashboard.php(17): CodeIgniter\BaseModel->findAll()
 7 SYSTEMPATH\CodeIgniter.php(933): App\Controllers\Dashboard->index()
 8 SYSTEMPATH\CodeIgniter.php(507): CodeIgniter\CodeIgniter->runController(Object(App\Controllers\Dashboard))
 9 SYSTEMPATH\CodeIgniter.php(354): CodeIgniter\CodeIgniter->handleRequest(null, Object(Config\Cache), false)
10 SYSTEMPATH\Boot.php(363): CodeIgniter\CodeIgniter->run()
11 SYSTEMPATH\Boot.php(68): CodeIgniter\Boot::runCodeIgniter(Object(CodeIgniter\CodeIgniter))
12 FCPATH\index.php(59): CodeIgniter\Boot::bootWeb(Object(Config\Paths))
13 SYSTEMPATH\rewrite.php(44): require_once('C:\\xampp\\htdocs\\chartsci\\public\\index.php')
CRITICAL - 2025-09-30 00:53:36 --> [Caused by] ErrorException: pg_query(): Query failed: ERROR:  column &quot;JENIS&quot; does not exist
LINE 1: SELECT &quot;RUMAH_SAKIT&quot;, &quot;JENIS&quot; &quot;RS&quot;, &quot;PROVINSI&quot;
                              ^
in SYSTEMPATH\Database\Postgre\Connection.php on line 206.
 1 [internal function]: CodeIgniter\Debug\Exceptions->errorHandler(2, 'pg_query(): Query failed: ERROR:  column &quot;JENIS&quot; does not exist
LINE 1: SELECT &quot;RUMAH_SAKIT&quot;, &quot;JENIS&quot; &quot;RS&quot;, &quot;PROVINSI&quot;
                              ^', 'C:\\xampp\\htdocs\\chartsci\\system\\Database\\Postgre\\Connection.php', 206)
 2 SYSTEMPATH\Database\Postgre\Connection.php(206): pg_query(Object(PgSql\Connection), 'SELECT "RUMAH_SAKIT", "JENIS" "RS", "PROVINSI"
FROM "data_rs"
 LIMIT 10')
 3 SYSTEMPATH\Database\BaseConnection.php(729): CodeIgniter\Database\Postgre\Connection->execute('SELECT "RUMAH_SAKIT", "JENIS" "RS", "PROVINSI"
FROM "data_rs"
 LIMIT 10')
 4 SYSTEMPATH\Database\BaseConnection.php(646): CodeIgniter\Database\BaseConnection->simpleQuery('SELECT "RUMAH_SAKIT", "JENIS" "RS", "PROVINSI"
FROM "data_rs"
 LIMIT 10')
 5 SYSTEMPATH\Database\BaseBuilder.php(1649): CodeIgniter\Database\BaseConnection->query('SELECT "RUMAH_SAKIT", "JENIS" "RS", "PROVINSI"
FROM "data_rs"
 LIMIT 10', [], false)
 6 SYSTEMPATH\Model.php(286): CodeIgniter\Database\BaseBuilder->get()
 7 SYSTEMPATH\BaseModel.php(677): CodeIgniter\Model->doFindAll(0, 0)
 8 APPPATH\Controllers\Dashboard.php(17): CodeIgniter\BaseModel->findAll()
 9 SYSTEMPATH\CodeIgniter.php(933): App\Controllers\Dashboard->index()
10 SYSTEMPATH\CodeIgniter.php(507): CodeIgniter\CodeIgniter->runController(Object(App\Controllers\Dashboard))
11 SYSTEMPATH\CodeIgniter.php(354): CodeIgniter\CodeIgniter->handleRequest(null, Object(Config\Cache), false)
12 SYSTEMPATH\Boot.php(363): CodeIgniter\CodeIgniter->run()
13 SYSTEMPATH\Boot.php(68): CodeIgniter\Boot::runCodeIgniter(Object(CodeIgniter\CodeIgniter))
14 FCPATH\index.php(59): CodeIgniter\Boot::bootWeb(Object(Config\Paths))
15 SYSTEMPATH\rewrite.php(44): require_once('C:\\xampp\\htdocs\\chartsci\\public\\index.php')
ERROR - 2025-09-30 02:12:24 --> ErrorException: pg_query(): Query failed: ERROR:  column &quot;DISTINCT&quot; does not exist
LINE 1: SELECT &quot;DISTINCT&quot; &quot;tahun&quot;
               ^ in C:\xampp\htdocs\chartsci\system\Database\Postgre\Connection.php:206
Stack trace:
#0 [internal function]: CodeIgniter\Debug\Exceptions->errorHandler(2, 'pg_query(): Que...', 'C:\\xampp\\htdocs...', 206)
#1 C:\xampp\htdocs\chartsci\system\Database\Postgre\Connection.php(206): pg_query(Object(PgSql\Connection), 'SELECT "DISTINC...')
#2 C:\xampp\htdocs\chartsci\system\Database\BaseConnection.php(729): CodeIgniter\Database\Postgre\Connection->execute('SELECT "DISTINC...')
#3 C:\xampp\htdocs\chartsci\system\Database\BaseConnection.php(646): CodeIgniter\Database\BaseConnection->simpleQuery('SELECT "DISTINC...')
#4 C:\xampp\htdocs\chartsci\system\Database\BaseBuilder.php(1649): CodeIgniter\Database\BaseConnection->query('SELECT "DISTINC...', Array, false)
#5 C:\xampp\htdocs\chartsci\system\Model.php(286): CodeIgniter\Database\BaseBuilder->get()
#6 C:\xampp\htdocs\chartsci\system\BaseModel.php(677): CodeIgniter\Model->doFindAll(0, 0)
#7 C:\xampp\htdocs\chartsci\app\Controllers\Dashboard.php(27): CodeIgniter\BaseModel->findAll()
#8 C:\xampp\htdocs\chartsci\system\CodeIgniter.php(933): App\Controllers\Dashboard->index()
#9 C:\xampp\htdocs\chartsci\system\CodeIgniter.php(507): CodeIgniter\CodeIgniter->runController(Object(App\Controllers\Dashboard))
#10 C:\xampp\htdocs\chartsci\system\CodeIgniter.php(354): CodeIgniter\CodeIgniter->handleRequest(NULL, Object(Config\Cache), false)
#11 C:\xampp\htdocs\chartsci\system\Boot.php(363): CodeIgniter\CodeIgniter->run()
#12 C:\xampp\htdocs\chartsci\system\Boot.php(68): CodeIgniter\Boot::runCodeIgniter(Object(CodeIgniter\CodeIgniter))
#13 C:\xampp\htdocs\chartsci\public\index.php(59): CodeIgniter\Boot::bootWeb(Object(Config\Paths))
#14 C:\xampp\htdocs\chartsci\system\rewrite.php(44): require_once('C:\\xampp\\htdocs...')
#15 {main}
CRITICAL - 2025-09-30 02:12:24 --> CodeIgniter\Database\Exceptions\DatabaseException: pg_query(): Query failed: ERROR:  column &quot;DISTINCT&quot; does not exist
LINE 1: SELECT &quot;DISTINCT&quot; &quot;tahun&quot;
               ^
[Method: GET, Route: /]
in SYSTEMPATH\Database\BaseConnection.php on line 684.
 1 SYSTEMPATH\Database\BaseBuilder.php(1649): CodeIgniter\Database\BaseConnection->query('SELECT "DISTINCT" "tahun"
FROM "data_rs"
ORDER BY "tahun" ASC', [], false)
 2 SYSTEMPATH\Model.php(286): CodeIgniter\Database\BaseBuilder->get()
 3 SYSTEMPATH\BaseModel.php(677): CodeIgniter\Model->doFindAll(0, 0)
 4 APPPATH\Controllers\Dashboard.php(27): CodeIgniter\BaseModel->findAll()
 5 SYSTEMPATH\CodeIgniter.php(933): App\Controllers\Dashboard->index()
 6 SYSTEMPATH\CodeIgniter.php(507): CodeIgniter\CodeIgniter->runController(Object(App\Controllers\Dashboard))
 7 SYSTEMPATH\CodeIgniter.php(354): CodeIgniter\CodeIgniter->handleRequest(null, Object(Config\Cache), false)
 8 SYSTEMPATH\Boot.php(363): CodeIgniter\CodeIgniter->run()
 9 SYSTEMPATH\Boot.php(68): CodeIgniter\Boot::runCodeIgniter(Object(CodeIgniter\CodeIgniter))
10 FCPATH\index.php(59): CodeIgniter\Boot::bootWeb(Object(Config\Paths))
11 SYSTEMPATH\rewrite.php(44): require_once('C:\\xampp\\htdocs\\chartsci\\public\\index.php')
CRITICAL - 2025-09-30 02:12:24 --> [Caused by] CodeIgniter\Database\Exceptions\DatabaseException: pg_query(): Query failed: ERROR:  column &quot;DISTINCT&quot; does not exist
LINE 1: SELECT &quot;DISTINCT&quot; &quot;tahun&quot;
               ^
in SYSTEMPATH\Database\Postgre\Connection.php on line 211.
 1 SYSTEMPATH\Database\BaseConnection.php(729): CodeIgniter\Database\Postgre\Connection->execute('SELECT "DISTINCT" "tahun"
FROM "data_rs"
ORDER BY "tahun" ASC')
 2 SYSTEMPATH\Database\BaseConnection.php(646): CodeIgniter\Database\BaseConnection->simpleQuery('SELECT "DISTINCT" "tahun"
FROM "data_rs"
ORDER BY "tahun" ASC')
 3 SYSTEMPATH\Database\BaseBuilder.php(1649): CodeIgniter\Database\BaseConnection->query('SELECT "DISTINCT" "tahun"
FROM "data_rs"
ORDER BY "tahun" ASC', [], false)
 4 SYSTEMPATH\Model.php(286): CodeIgniter\Database\BaseBuilder->get()
 5 SYSTEMPATH\BaseModel.php(677): CodeIgniter\Model->doFindAll(0, 0)
 6 APPPATH\Controllers\Dashboard.php(27): CodeIgniter\BaseModel->findAll()
 7 SYSTEMPATH\CodeIgniter.php(933): App\Controllers\Dashboard->index()
 8 SYSTEMPATH\CodeIgniter.php(507): CodeIgniter\CodeIgniter->runController(Object(App\Controllers\Dashboard))
 9 SYSTEMPATH\CodeIgniter.php(354): CodeIgniter\CodeIgniter->handleRequest(null, Object(Config\Cache), false)
10 SYSTEMPATH\Boot.php(363): CodeIgniter\CodeIgniter->run()
11 SYSTEMPATH\Boot.php(68): CodeIgniter\Boot::runCodeIgniter(Object(CodeIgniter\CodeIgniter))
12 FCPATH\index.php(59): CodeIgniter\Boot::bootWeb(Object(Config\Paths))
13 SYSTEMPATH\rewrite.php(44): require_once('C:\\xampp\\htdocs\\chartsci\\public\\index.php')
CRITICAL - 2025-09-30 02:12:24 --> [Caused by] ErrorException: pg_query(): Query failed: ERROR:  column &quot;DISTINCT&quot; does not exist
LINE 1: SELECT &quot;DISTINCT&quot; &quot;tahun&quot;
               ^
in SYSTEMPATH\Database\Postgre\Connection.php on line 206.
 1 [internal function]: CodeIgniter\Debug\Exceptions->errorHandler(2, 'pg_query(): Query failed: ERROR:  column &quot;DISTINCT&quot; does not exist
LINE 1: SELECT &quot;DISTINCT&quot; &quot;tahun&quot;
               ^', 'C:\\xampp\\htdocs\\chartsci\\system\\Database\\Postgre\\Connection.php', 206)
 2 SYSTEMPATH\Database\Postgre\Connection.php(206): pg_query(Object(PgSql\Connection), 'SELECT "DISTINCT" "tahun"
FROM "data_rs"
ORDER BY "tahun" ASC')
 3 SYSTEMPATH\Database\BaseConnection.php(729): CodeIgniter\Database\Postgre\Connection->execute('SELECT "DISTINCT" "tahun"
FROM "data_rs"
ORDER BY "tahun" ASC')
 4 SYSTEMPATH\Database\BaseConnection.php(646): CodeIgniter\Database\BaseConnection->simpleQuery('SELECT "DISTINCT" "tahun"
FROM "data_rs"
ORDER BY "tahun" ASC')
 5 SYSTEMPATH\Database\BaseBuilder.php(1649): CodeIgniter\Database\BaseConnection->query('SELECT "DISTINCT" "tahun"
FROM "data_rs"
ORDER BY "tahun" ASC', [], false)
 6 SYSTEMPATH\Model.php(286): CodeIgniter\Database\BaseBuilder->get()
 7 SYSTEMPATH\BaseModel.php(677): CodeIgniter\Model->doFindAll(0, 0)
 8 APPPATH\Controllers\Dashboard.php(27): CodeIgniter\BaseModel->findAll()
 9 SYSTEMPATH\CodeIgniter.php(933): App\Controllers\Dashboard->index()
10 SYSTEMPATH\CodeIgniter.php(507): CodeIgniter\CodeIgniter->runController(Object(App\Controllers\Dashboard))
11 SYSTEMPATH\CodeIgniter.php(354): CodeIgniter\CodeIgniter->handleRequest(null, Object(Config\Cache), false)
12 SYSTEMPATH\Boot.php(363): CodeIgniter\CodeIgniter->run()
13 SYSTEMPATH\Boot.php(68): CodeIgniter\Boot::runCodeIgniter(Object(CodeIgniter\CodeIgniter))
14 FCPATH\index.php(59): CodeIgniter\Boot::bootWeb(Object(Config\Paths))
15 SYSTEMPATH\rewrite.php(44): require_once('C:\\xampp\\htdocs\\chartsci\\public\\index.php')
CRITICAL - 2025-09-30 03:26:45 --> ErrorException: Undefined variable $thn
[Method: GET, Route: /]
in APPPATH\Views\dashboard\dashboard.php on line 68.
 1 APPPATH\Views\dashboard\dashboard.php(68): CodeIgniter\Debug\Exceptions->errorHandler(2, 'Undefined variable $thn', 'C:\\xampp\\htdocs\\chartsci\\app\\Views\\dashboard\\dashboard.php', 68)
 2 SYSTEMPATH\View\View.php(226): include('C:\\xampp\\htdocs\\chartsci\\app\\Views\\dashboard\\dashboard.php')
 3 SYSTEMPATH\View\View.php(229): CodeIgniter\View\View->CodeIgniter\View\{closure}()
 4 SYSTEMPATH\Common.php(1167): CodeIgniter\View\View->render('dashboard/dashboard', [], true)
 5 APPPATH\Controllers\Dashboard.php(38): view('dashboard/dashboard', [...])
 6 SYSTEMPATH\CodeIgniter.php(933): App\Controllers\Dashboard->index()
 7 SYSTEMPATH\CodeIgniter.php(507): CodeIgniter\CodeIgniter->runController(Object(App\Controllers\Dashboard))
 8 SYSTEMPATH\CodeIgniter.php(354): CodeIgniter\CodeIgniter->handleRequest(null, Object(Config\Cache), false)
 9 SYSTEMPATH\Boot.php(363): CodeIgniter\CodeIgniter->run()
10 SYSTEMPATH\Boot.php(68): CodeIgniter\Boot::runCodeIgniter(Object(CodeIgniter\CodeIgniter))
11 FCPATH\index.php(59): CodeIgniter\Boot::bootWeb(Object(Config\Paths))
12 SYSTEMPATH\rewrite.php(44): require_once('C:\\xampp\\htdocs\\chartsci\\public\\index.php')
DEBUG - 2025-09-30 03:45:07 --> === PROVINSI: Aceh === HASIL: [{"kabupaten_kota":"Aceh Barat"},{"kabupaten_kota":"Aceh Barat Daya"},{"kabupaten_kota":"Aceh Besar"},{"kabupaten_kota":"Aceh Jaya"},{"kabupaten_kota":"Aceh Selatan"},{"kabupaten_kota":"Aceh Singkil"},{"kabupaten_kota":"Aceh Tamiang"},{"kabupaten_kota":"Aceh Tengah"},{"kabupaten_kota":"Aceh Tenggara"},{"kabupaten_kota":"Aceh Timur"},{"kabupaten_kota":"Aceh Utara"},{"kabupaten_kota":"Bener Meriah"},{"kabupaten_kota":"Bireuen"},{"kabupaten_kota":"Gayo Lues"},{"kabupaten_kota":"Kota Banda Aceh"},{"kabupaten_kota":"Kota Langsa"},{"kabupaten_kota":"Kota Lhokseumawe"},{"kabupaten_kota":"Kota Sabang"},{"kabupaten_kota":"Kota Subulussalam"},{"kabupaten_kota":"Nagan Raya"},{"kabupaten_kota":"Pidie"},{"kabupaten_kota":"Pidie Jaya"},{"kabupaten_kota":"Simeulue"}]
DEBUG - 2025-09-30 03:49:01 --> === PROVINSI: Bali === HASIL: [{"kabupaten_kota":"Badung"},{"kabupaten_kota":"Bangli"},{"kabupaten_kota":"Buleleng"},{"kabupaten_kota":"Gianyar"},{"kabupaten_kota":"Jembrana"},{"kabupaten_kota":"Karangasem"},{"kabupaten_kota":"Klungkung"},{"kabupaten_kota":"Kota Denpasar"},{"kabupaten_kota":"Tabanan"}]
DEBUG - 2025-09-30 03:49:23 --> === PROVINSI: Banten === HASIL: [{"kabupaten_kota":"Kota Cilegon"},{"kabupaten_kota":"Kota Serang"},{"kabupaten_kota":"Kota Tangerang"},{"kabupaten_kota":"Kota Tangerang Selatan"},{"kabupaten_kota":"Lebak"},{"kabupaten_kota":"Pandeglang"},{"kabupaten_kota":"Serang"},{"kabupaten_kota":"Tangerang"}]
DEBUG - 2025-09-30 03:49:30 --> === PROVINSI: DI Yogyakarta === HASIL: [{"kabupaten_kota":"Bantul"},{"kabupaten_kota":"Gunung Kidul"},{"kabupaten_kota":"Gunungkidul"},{"kabupaten_kota":"Kota DI Yogyakarta"},{"kabupaten_kota":"Kulon Progo"},{"kabupaten_kota":"Sleman"}]
ERROR - 2025-09-30 14:26:38 --> Error connecting to the database: ErrorException: pg_connect(): Unable to connect to PostgreSQL server: could not translate host name &quot;db.sxlhygcxwwujmdpmzaob.supabase.co&quot; to address: Host name lookup failure in C:\xampp\htdocs\chartsci\system\Database\Postgre\Connection.php:78
Stack trace:
#0 [internal function]: CodeIgniter\Debug\Exceptions->errorHandler(2, 'pg_connect(): U...', 'C:\\xampp\\htdocs...', 78)
#1 C:\xampp\htdocs\chartsci\system\Database\Postgre\Connection.php(78): pg_connect('host=db.sxlhygc...')
#2 C:\xampp\htdocs\chartsci\system\Database\BaseConnection.php(419): CodeIgniter\Database\Postgre\Connection->connect(false)
#3 C:\xampp\htdocs\chartsci\system\Database\BaseConnection.php(614): CodeIgniter\Database\BaseConnection->initialize()
#4 C:\xampp\htdocs\chartsci\system\Database\BaseBuilder.php(1649): CodeIgniter\Database\BaseConnection->query('SELECT MAX("tah...', Array, false)
#5 C:\xampp\htdocs\chartsci\system\Model.php(330): CodeIgniter\Database\BaseBuilder->get()
#6 C:\xampp\htdocs\chartsci\system\BaseModel.php(715): CodeIgniter\Model->doFirst()
#7 C:\xampp\htdocs\chartsci\app\Models\ModelDashboard.php(96): CodeIgniter\BaseModel->first()
#8 C:\xampp\htdocs\chartsci\app\Controllers\Dashboard.php(15): App\Models\ModelDashboard->getMaxTahun()
#9 C:\xampp\htdocs\chartsci\system\CodeIgniter.php(933): App\Controllers\Dashboard->index()
#10 C:\xampp\htdocs\chartsci\system\CodeIgniter.php(507): CodeIgniter\CodeIgniter->runController(Object(App\Controllers\Dashboard))
#11 C:\xampp\htdocs\chartsci\system\CodeIgniter.php(354): CodeIgniter\CodeIgniter->handleRequest(NULL, Object(Config\Cache), false)
#12 C:\xampp\htdocs\chartsci\system\Boot.php(363): CodeIgniter\CodeIgniter->run()
#13 C:\xampp\htdocs\chartsci\system\Boot.php(68): CodeIgniter\Boot::runCodeIgniter(Object(CodeIgniter\CodeIgniter))
#14 C:\xampp\htdocs\chartsci\public\index.php(59): CodeIgniter\Boot::bootWeb(Object(Config\Paths))
#15 C:\xampp\htdocs\chartsci\system\rewrite.php(44): require_once('C:\\xampp\\htdocs...')
#16 {main}
CRITICAL - 2025-09-30 14:26:38 --> CodeIgniter\Database\Exceptions\DatabaseException: Unable to connect to the database.
Main connection [Postgre]: pg_connect(): Unable to connect to PostgreSQL server: could not translate host name &quot;db.sxlhygcxwwujmdpmzaob.supabase.co&quot; to address: Host name lookup failure
[Method: GET, Route: /]
in SYSTEMPATH\Database\BaseConnection.php on line 465.
 1 SYSTEMPATH\Database\BaseConnection.php(614): CodeIgniter\Database\BaseConnection->initialize()
 2 SYSTEMPATH\Database\BaseBuilder.php(1649): CodeIgniter\Database\BaseConnection->query('SELECT MAX("tahun") AS "tahun"
FROM "data_rs"
 LIMIT 1', [], false)
 3 SYSTEMPATH\Model.php(330): CodeIgniter\Database\BaseBuilder->get()
 4 SYSTEMPATH\BaseModel.php(715): CodeIgniter\Model->doFirst()
 5 APPPATH\Models\ModelDashboard.php(96): CodeIgniter\BaseModel->first()
 6 APPPATH\Controllers\Dashboard.php(15): App\Models\ModelDashboard->getMaxTahun()
 7 SYSTEMPATH\CodeIgniter.php(933): App\Controllers\Dashboard->index()
 8 SYSTEMPATH\CodeIgniter.php(507): CodeIgniter\CodeIgniter->runController(Object(App\Controllers\Dashboard))
 9 SYSTEMPATH\CodeIgniter.php(354): CodeIgniter\CodeIgniter->handleRequest(null, Object(Config\Cache), false)
10 SYSTEMPATH\Boot.php(363): CodeIgniter\CodeIgniter->run()
11 SYSTEMPATH\Boot.php(68): CodeIgniter\Boot::runCodeIgniter(Object(CodeIgniter\CodeIgniter))
12 FCPATH\index.php(59): CodeIgniter\Boot::bootWeb(Object(Config\Paths))
13 SYSTEMPATH\rewrite.php(44): require_once('C:\\xampp\\htdocs\\chartsci\\public\\index.php')
ERROR - 2025-09-30 14:26:45 --> Error connecting to the database: ErrorException: pg_connect(): Unable to connect to PostgreSQL server: could not translate host name &quot;db.sxlhygcxwwujmdpmzaob.supabase.co&quot; to address: Unknown host in C:\xampp\htdocs\chartsci\system\Database\Postgre\Connection.php:78
Stack trace:
#0 [internal function]: CodeIgniter\Debug\Exceptions->errorHandler(2, 'pg_connect(): U...', 'C:\\xampp\\htdocs...', 78)
#1 C:\xampp\htdocs\chartsci\system\Database\Postgre\Connection.php(78): pg_connect('host=db.sxlhygc...')
#2 C:\xampp\htdocs\chartsci\system\Database\BaseConnection.php(419): CodeIgniter\Database\Postgre\Connection->connect(false)
#3 C:\xampp\htdocs\chartsci\system\Database\BaseConnection.php(614): CodeIgniter\Database\BaseConnection->initialize()
#4 C:\xampp\htdocs\chartsci\system\Database\BaseBuilder.php(1649): CodeIgniter\Database\BaseConnection->query('SELECT MAX("tah...', Array, false)
#5 C:\xampp\htdocs\chartsci\system\Model.php(330): CodeIgniter\Database\BaseBuilder->get()
#6 C:\xampp\htdocs\chartsci\system\BaseModel.php(715): CodeIgniter\Model->doFirst()
#7 C:\xampp\htdocs\chartsci\app\Models\ModelDashboard.php(96): CodeIgniter\BaseModel->first()
#8 C:\xampp\htdocs\chartsci\app\Controllers\Dashboard.php(15): App\Models\ModelDashboard->getMaxTahun()
#9 C:\xampp\htdocs\chartsci\system\CodeIgniter.php(933): App\Controllers\Dashboard->index()
#10 C:\xampp\htdocs\chartsci\system\CodeIgniter.php(507): CodeIgniter\CodeIgniter->runController(Object(App\Controllers\Dashboard))
#11 C:\xampp\htdocs\chartsci\system\CodeIgniter.php(354): CodeIgniter\CodeIgniter->handleRequest(NULL, Object(Config\Cache), false)
#12 C:\xampp\htdocs\chartsci\system\Boot.php(363): CodeIgniter\CodeIgniter->run()
#13 C:\xampp\htdocs\chartsci\system\Boot.php(68): CodeIgniter\Boot::runCodeIgniter(Object(CodeIgniter\CodeIgniter))
#14 C:\xampp\htdocs\chartsci\public\index.php(59): CodeIgniter\Boot::bootWeb(Object(Config\Paths))
#15 C:\xampp\htdocs\chartsci\system\rewrite.php(44): require_once('C:\\xampp\\htdocs...')
#16 {main}
CRITICAL - 2025-09-30 14:26:45 --> CodeIgniter\Database\Exceptions\DatabaseException: Unable to connect to the database.
Main connection [Postgre]: pg_connect(): Unable to connect to PostgreSQL server: could not translate host name &quot;db.sxlhygcxwwujmdpmzaob.supabase.co&quot; to address: Unknown host
[Method: GET, Route: /]
in SYSTEMPATH\Database\BaseConnection.php on line 465.
 1 SYSTEMPATH\Database\BaseConnection.php(614): CodeIgniter\Database\BaseConnection->initialize()
 2 SYSTEMPATH\Database\BaseBuilder.php(1649): CodeIgniter\Database\BaseConnection->query('SELECT MAX("tahun") AS "tahun"
FROM "data_rs"
 LIMIT 1', [], false)
 3 SYSTEMPATH\Model.php(330): CodeIgniter\Database\BaseBuilder->get()
 4 SYSTEMPATH\BaseModel.php(715): CodeIgniter\Model->doFirst()
 5 APPPATH\Models\ModelDashboard.php(96): CodeIgniter\BaseModel->first()
 6 APPPATH\Controllers\Dashboard.php(15): App\Models\ModelDashboard->getMaxTahun()
 7 SYSTEMPATH\CodeIgniter.php(933): App\Controllers\Dashboard->index()
 8 SYSTEMPATH\CodeIgniter.php(507): CodeIgniter\CodeIgniter->runController(Object(App\Controllers\Dashboard))
 9 SYSTEMPATH\CodeIgniter.php(354): CodeIgniter\CodeIgniter->handleRequest(null, Object(Config\Cache), false)
10 SYSTEMPATH\Boot.php(363): CodeIgniter\CodeIgniter->run()
11 SYSTEMPATH\Boot.php(68): CodeIgniter\Boot::runCodeIgniter(Object(CodeIgniter\CodeIgniter))
12 FCPATH\index.php(59): CodeIgniter\Boot::bootWeb(Object(Config\Paths))
13 SYSTEMPATH\rewrite.php(44): require_once('C:\\xampp\\htdocs\\chartsci\\public\\index.php')
ERROR - 2025-09-30 14:26:58 --> Error connecting to the database: ErrorException: pg_connect(): Unable to connect to PostgreSQL server: could not translate host name &quot;db.sxlhygcxwwujmdpmzaob.supabase.co&quot; to address: Unknown server error in C:\xampp\htdocs\chartsci\system\Database\Postgre\Connection.php:78
Stack trace:
#0 [internal function]: CodeIgniter\Debug\Exceptions->errorHandler(2, 'pg_connect(): U...', 'C:\\xampp\\htdocs...', 78)
#1 C:\xampp\htdocs\chartsci\system\Database\Postgre\Connection.php(78): pg_connect('host=db.sxlhygc...')
#2 C:\xampp\htdocs\chartsci\system\Database\BaseConnection.php(419): CodeIgniter\Database\Postgre\Connection->connect(false)
#3 C:\xampp\htdocs\chartsci\system\Database\BaseConnection.php(614): CodeIgniter\Database\BaseConnection->initialize()
#4 C:\xampp\htdocs\chartsci\system\Database\BaseBuilder.php(1649): CodeIgniter\Database\BaseConnection->query('SELECT MAX("tah...', Array, false)
#5 C:\xampp\htdocs\chartsci\system\Model.php(330): CodeIgniter\Database\BaseBuilder->get()
#6 C:\xampp\htdocs\chartsci\system\BaseModel.php(715): CodeIgniter\Model->doFirst()
#7 C:\xampp\htdocs\chartsci\app\Models\ModelDashboard.php(96): CodeIgniter\BaseModel->first()
#8 C:\xampp\htdocs\chartsci\app\Controllers\Dashboard.php(15): App\Models\ModelDashboard->getMaxTahun()
#9 C:\xampp\htdocs\chartsci\system\CodeIgniter.php(933): App\Controllers\Dashboard->index()
#10 C:\xampp\htdocs\chartsci\system\CodeIgniter.php(507): CodeIgniter\CodeIgniter->runController(Object(App\Controllers\Dashboard))
#11 C:\xampp\htdocs\chartsci\system\CodeIgniter.php(354): CodeIgniter\CodeIgniter->handleRequest(NULL, Object(Config\Cache), false)
#12 C:\xampp\htdocs\chartsci\system\Boot.php(363): CodeIgniter\CodeIgniter->run()
#13 C:\xampp\htdocs\chartsci\system\Boot.php(68): CodeIgniter\Boot::runCodeIgniter(Object(CodeIgniter\CodeIgniter))
#14 C:\xampp\htdocs\chartsci\public\index.php(59): CodeIgniter\Boot::bootWeb(Object(Config\Paths))
#15 C:\xampp\htdocs\chartsci\system\rewrite.php(44): require_once('C:\\xampp\\htdocs...')
#16 {main}
CRITICAL - 2025-09-30 14:26:58 --> CodeIgniter\Database\Exceptions\DatabaseException: Unable to connect to the database.
Main connection [Postgre]: pg_connect(): Unable to connect to PostgreSQL server: could not translate host name &quot;db.sxlhygcxwwujmdpmzaob.supabase.co&quot; to address: Unknown server error
[Method: GET, Route: /]
in SYSTEMPATH\Database\BaseConnection.php on line 465.
 1 SYSTEMPATH\Database\BaseConnection.php(614): CodeIgniter\Database\BaseConnection->initialize()
 2 SYSTEMPATH\Database\BaseBuilder.php(1649): CodeIgniter\Database\BaseConnection->query('SELECT MAX("tahun") AS "tahun"
FROM "data_rs"
 LIMIT 1', [], false)
 3 SYSTEMPATH\Model.php(330): CodeIgniter\Database\BaseBuilder->get()
 4 SYSTEMPATH\BaseModel.php(715): CodeIgniter\Model->doFirst()
 5 APPPATH\Models\ModelDashboard.php(96): CodeIgniter\BaseModel->first()
 6 APPPATH\Controllers\Dashboard.php(15): App\Models\ModelDashboard->getMaxTahun()
 7 SYSTEMPATH\CodeIgniter.php(933): App\Controllers\Dashboard->index()
 8 SYSTEMPATH\CodeIgniter.php(507): CodeIgniter\CodeIgniter->runController(Object(App\Controllers\Dashboard))
 9 SYSTEMPATH\CodeIgniter.php(354): CodeIgniter\CodeIgniter->handleRequest(null, Object(Config\Cache), false)
10 SYSTEMPATH\Boot.php(363): CodeIgniter\CodeIgniter->run()
11 SYSTEMPATH\Boot.php(68): CodeIgniter\Boot::runCodeIgniter(Object(CodeIgniter\CodeIgniter))
12 FCPATH\index.php(59): CodeIgniter\Boot::bootWeb(Object(Config\Paths))
13 SYSTEMPATH\rewrite.php(44): require_once('C:\\xampp\\htdocs\\chartsci\\public\\index.php')
