CRITICAL - 2025-09-29 08:41:14 --> CodeIgniter\Exceptions\InvalidArgumentException: "supabase" is not a valid database connection group.
[Method: GET, Route: home]
in SYSTEMPATH\Database\Config.php on line 70.
 1 SYSTEMPATH\Model.php(155): CodeIgniter\Database\Config::connect('supabase')
 2 APPPATH\Controllers\Dashboard.php(11): CodeIgniter\Model->__construct()
 3 SYSTEMPATH\CodeIgniter.php(933): App\Controllers\Dashboard->index()
 4 SYSTEMPATH\CodeIgniter.php(507): CodeIgniter\CodeIgniter->runController(Object(App\Controllers\Dashboard))
 5 SYSTEMPATH\CodeIgniter.php(354): CodeIgniter\CodeIgniter->handleRequest(null, Object(Config\Cache), false)
 6 SYSTEMPATH\Boot.php(363): CodeIgniter\CodeIgniter->run()
 7 SYSTEMPATH\Boot.php(68): CodeIgniter\Boot::runCodeIgniter(Object(CodeIgniter\CodeIgniter))
 8 FCPATH\index.php(59): CodeIgniter\Boot::bootWeb(Object(Config\Paths))
 9 SYSTEMPATH\rewrite.php(44): require_once('C:\\xampp\\htdocs\\chartsci\\public\\index.php')
CRITICAL - 2025-09-29 08:41:17 --> CodeIgniter\Exceptions\InvalidArgumentException: "supabase" is not a valid database connection group.
[Method: GET, Route: home]
in SYSTEMPATH\Database\Config.php on line 70.
 1 SYSTEMPATH\Model.php(155): CodeIgniter\Database\Config::connect('supabase')
 2 APPPATH\Controllers\Dashboard.php(11): CodeIgniter\Model->__construct()
 3 SYSTEMPATH\CodeIgniter.php(933): App\Controllers\Dashboard->index()
 4 SYSTEMPATH\CodeIgniter.php(507): CodeIgniter\CodeIgniter->runController(Object(App\Controllers\Dashboard))
 5 SYSTEMPATH\CodeIgniter.php(354): CodeIgniter\CodeIgniter->handleRequest(null, Object(Config\Cache), false)
 6 SYSTEMPATH\Boot.php(363): CodeIgniter\CodeIgniter->run()
 7 SYSTEMPATH\Boot.php(68): CodeIgniter\Boot::runCodeIgniter(Object(CodeIgniter\CodeIgniter))
 8 FCPATH\index.php(59): CodeIgniter\Boot::bootWeb(Object(Config\Paths))
 9 SYSTEMPATH\rewrite.php(44): require_once('C:\\xampp\\htdocs\\chartsci\\public\\index.php')
CRITICAL - 2025-09-29 08:41:19 --> CodeIgniter\Exceptions\InvalidArgumentException: "supabase" is not a valid database connection group.
[Method: GET, Route: home]
in SYSTEMPATH\Database\Config.php on line 70.
 1 SYSTEMPATH\Model.php(155): CodeIgniter\Database\Config::connect('supabase')
 2 APPPATH\Controllers\Dashboard.php(11): CodeIgniter\Model->__construct()
 3 SYSTEMPATH\CodeIgniter.php(933): App\Controllers\Dashboard->index()
 4 SYSTEMPATH\CodeIgniter.php(507): CodeIgniter\CodeIgniter->runController(Object(App\Controllers\Dashboard))
 5 SYSTEMPATH\CodeIgniter.php(354): CodeIgniter\CodeIgniter->handleRequest(null, Object(Config\Cache), false)
 6 SYSTEMPATH\Boot.php(363): CodeIgniter\CodeIgniter->run()
 7 SYSTEMPATH\Boot.php(68): CodeIgniter\Boot::runCodeIgniter(Object(CodeIgniter\CodeIgniter))
 8 FCPATH\index.php(59): CodeIgniter\Boot::bootWeb(Object(Config\Paths))
 9 SYSTEMPATH\rewrite.php(44): require_once('C:\\xampp\\htdocs\\chartsci\\public\\index.php')
CRITICAL - 2025-09-29 08:41:39 --> CodeIgniter\Exceptions\InvalidArgumentException: "supabase" is not a valid database connection group.
[Method: GET, Route: /]
in SYSTEMPATH\Database\Config.php on line 70.
 1 SYSTEMPATH\Model.php(155): CodeIgniter\Database\Config::connect('supabase')
 2 APPPATH\Controllers\Dashboard.php(11): CodeIgniter\Model->__construct()
 3 SYSTEMPATH\CodeIgniter.php(933): App\Controllers\Dashboard->index()
 4 SYSTEMPATH\CodeIgniter.php(507): CodeIgniter\CodeIgniter->runController(Object(App\Controllers\Dashboard))
 5 SYSTEMPATH\CodeIgniter.php(354): CodeIgniter\CodeIgniter->handleRequest(null, Object(Config\Cache), false)
 6 SYSTEMPATH\Boot.php(363): CodeIgniter\CodeIgniter->run()
 7 SYSTEMPATH\Boot.php(68): CodeIgniter\Boot::runCodeIgniter(Object(CodeIgniter\CodeIgniter))
 8 FCPATH\index.php(59): CodeIgniter\Boot::bootWeb(Object(Config\Paths))
 9 SYSTEMPATH\rewrite.php(44): require_once('C:\\xampp\\htdocs\\chartsci\\public\\index.php')
CRITICAL - 2025-09-29 08:47:48 --> CodeIgniter\Exceptions\InvalidArgumentException: "supabase" is not a valid database connection group.
[Method: GET, Route: /]
in SYSTEMPATH\Database\Config.php on line 70.
 1 SYSTEMPATH\Model.php(155): CodeIgniter\Database\Config::connect('supabase')
 2 APPPATH\Controllers\Dashboard.php(11): CodeIgniter\Model->__construct()
 3 SYSTEMPATH\CodeIgniter.php(933): App\Controllers\Dashboard->index()
 4 SYSTEMPATH\CodeIgniter.php(507): CodeIgniter\CodeIgniter->runController(Object(App\Controllers\Dashboard))
 5 SYSTEMPATH\CodeIgniter.php(354): CodeIgniter\CodeIgniter->handleRequest(null, Object(Config\Cache), false)
 6 SYSTEMPATH\Boot.php(363): CodeIgniter\CodeIgniter->run()
 7 SYSTEMPATH\Boot.php(68): CodeIgniter\Boot::runCodeIgniter(Object(CodeIgniter\CodeIgniter))
 8 FCPATH\index.php(59): CodeIgniter\Boot::bootWeb(Object(Config\Paths))
 9 SYSTEMPATH\rewrite.php(44): require_once('C:\\xampp\\htdocs\\chartsci\\public\\index.php')
CRITICAL - 2025-09-29 08:49:24 --> CodeIgniter\Exceptions\InvalidArgumentException: "supabase" is not a valid database connection group.
[Method: GET, Route: /]
in SYSTEMPATH\Database\Config.php on line 70.
 1 SYSTEMPATH\Model.php(155): CodeIgniter\Database\Config::connect('supabase')
 2 APPPATH\Controllers\Dashboard.php(11): CodeIgniter\Model->__construct()
 3 SYSTEMPATH\CodeIgniter.php(933): App\Controllers\Dashboard->index()
 4 SYSTEMPATH\CodeIgniter.php(507): CodeIgniter\CodeIgniter->runController(Object(App\Controllers\Dashboard))
 5 SYSTEMPATH\CodeIgniter.php(354): CodeIgniter\CodeIgniter->handleRequest(null, Object(Config\Cache), false)
 6 SYSTEMPATH\Boot.php(363): CodeIgniter\CodeIgniter->run()
 7 SYSTEMPATH\Boot.php(68): CodeIgniter\Boot::runCodeIgniter(Object(CodeIgniter\CodeIgniter))
 8 FCPATH\index.php(59): CodeIgniter\Boot::bootWeb(Object(Config\Paths))
 9 SYSTEMPATH\rewrite.php(44): require_once('C:\\xampp\\htdocs\\chartsci\\public\\index.php')
CRITICAL - 2025-09-29 08:50:04 --> CodeIgniter\Exceptions\InvalidArgumentException: "supabase" is not a valid database connection group.
[Method: GET, Route: /]
in SYSTEMPATH\Database\Config.php on line 70.
 1 SYSTEMPATH\Model.php(155): CodeIgniter\Database\Config::connect('supabase')
 2 APPPATH\Controllers\Dashboard.php(11): CodeIgniter\Model->__construct()
 3 SYSTEMPATH\CodeIgniter.php(933): App\Controllers\Dashboard->index()
 4 SYSTEMPATH\CodeIgniter.php(507): CodeIgniter\CodeIgniter->runController(Object(App\Controllers\Dashboard))
 5 SYSTEMPATH\CodeIgniter.php(354): CodeIgniter\CodeIgniter->handleRequest(null, Object(Config\Cache), false)
 6 SYSTEMPATH\Boot.php(363): CodeIgniter\CodeIgniter->run()
 7 SYSTEMPATH\Boot.php(68): CodeIgniter\Boot::runCodeIgniter(Object(CodeIgniter\CodeIgniter))
 8 FCPATH\index.php(59): CodeIgniter\Boot::bootWeb(Object(Config\Paths))
 9 SYSTEMPATH\rewrite.php(44): require_once('C:\\xampp\\htdocs\\chartsci\\public\\index.php')
