ERROR - 2025-10-06 08:19:00 --> Error connecting to the database: ErrorException: pg_connect(): Unable to connect to PostgreSQL server: SSL SYSCALL error: Connection reset by peer (0x00002746/10054)
could not connect to server: Network is unreachable (0x00002743/10051)
	Is the server running on host &quot;db.sxlhygcxwwujmdpmzaob.supabase.co&quot; (2406:da18:243:741a:ea2:13ab:56c0:28bc) and accepting
	TCP/IP connections on port 5432? in C:\xampp\htdocs\chartsci\system\Database\Postgre\Connection.php:78
Stack trace:
#0 [internal function]: CodeIgniter\Debug\Exceptions->errorHandler(2, 'pg_connect(): U...', 'C:\\xampp\\htdocs...', 78)
#1 C:\xampp\htdocs\chartsci\system\Database\Postgre\Connection.php(78): pg_connect('host=db.sxlhygc...')
#2 C:\xampp\htdocs\chartsci\system\Database\BaseConnection.php(419): CodeIgniter\Database\Postgre\Connection->connect(false)
#3 C:\xampp\htdocs\chartsci\system\Database\BaseConnection.php(614): CodeIgniter\Database\BaseConnection->initialize()
#4 C:\xampp\htdocs\chartsci\system\Database\BaseBuilder.php(1649): CodeIgniter\Database\BaseConnection->query('SELECT "kelas_r...', Array, false)
#5 C:\xampp\htdocs\chartsci\system\Model.php(286): CodeIgniter\Database\BaseBuilder->get()
#6 C:\xampp\htdocs\chartsci\system\BaseModel.php(677): CodeIgniter\Model->doFindAll(0, 0)
#7 C:\xampp\htdocs\chartsci\app\Models\ModelDashboard.php(44): CodeIgniter\BaseModel->findAll()
#8 C:\xampp\htdocs\chartsci\app\Controllers\Dashboard.php(55): App\Models\ModelDashboard->getBarData('kelas_rs', '2025', '', '')
#9 C:\xampp\htdocs\chartsci\system\CodeIgniter.php(933): App\Controllers\Dashboard->getBarData('kelas')
#10 C:\xampp\htdocs\chartsci\system\CodeIgniter.php(507): CodeIgniter\CodeIgniter->runController(Object(App\Controllers\Dashboard))
#11 C:\xampp\htdocs\chartsci\system\CodeIgniter.php(354): CodeIgniter\CodeIgniter->handleRequest(NULL, Object(Config\Cache), false)
#12 C:\xampp\htdocs\chartsci\system\Boot.php(363): CodeIgniter\CodeIgniter->run()
#13 C:\xampp\htdocs\chartsci\system\Boot.php(68): CodeIgniter\Boot::runCodeIgniter(Object(CodeIgniter\CodeIgniter))
#14 C:\xampp\htdocs\chartsci\public\index.php(59): CodeIgniter\Boot::bootWeb(Object(Config\Paths))
#15 C:\xampp\htdocs\chartsci\system\rewrite.php(44): require_once('C:\\xampp\\htdocs...')
#16 {main}
CRITICAL - 2025-10-06 08:19:01 --> CodeIgniter\Database\Exceptions\DatabaseException: Unable to connect to the database.
Main connection [Postgre]: pg_connect(): Unable to connect to PostgreSQL server: SSL SYSCALL error: Connection reset by peer (0x00002746/10054)
could not connect to server: Network is unreachable (0x00002743/10051)
	Is the server running on host &quot;db.sxlhygcxwwujmdpmzaob.supabase.co&quot; (2406:da18:243:741a:ea2:13ab:56c0:28bc) and accepting
	TCP/IP connections on port 5432?
[Method: GET, Route: dashboard/bar/kelas]
in SYSTEMPATH\Database\BaseConnection.php on line 465.
 1 SYSTEMPATH\Database\BaseConnection.php(614): CodeIgniter\Database\BaseConnection->initialize()
 2 SYSTEMPATH\Database\BaseBuilder.php(1649): CodeIgniter\Database\BaseConnection->query('SELECT "kelas_rs", COUNT(*) as total
FROM "data_rs"
WHERE "tahun" = :tahun:
GROUP BY "kelas_rs"
ORDER BY "kelas_rs" ASC', [...], false)
 3 SYSTEMPATH\Model.php(286): CodeIgniter\Database\BaseBuilder->get()
 4 SYSTEMPATH\BaseModel.php(677): CodeIgniter\Model->doFindAll(0, 0)
 5 APPPATH\Models\ModelDashboard.php(44): CodeIgniter\BaseModel->findAll()
 6 APPPATH\Controllers\Dashboard.php(55): App\Models\ModelDashboard->getBarData('kelas_rs', '2025', '', '')
 7 SYSTEMPATH\CodeIgniter.php(933): App\Controllers\Dashboard->getBarData('kelas')
 8 SYSTEMPATH\CodeIgniter.php(507): CodeIgniter\CodeIgniter->runController(Object(App\Controllers\Dashboard))
 9 SYSTEMPATH\CodeIgniter.php(354): CodeIgniter\CodeIgniter->handleRequest(null, Object(Config\Cache), false)
10 SYSTEMPATH\Boot.php(363): CodeIgniter\CodeIgniter->run()
11 SYSTEMPATH\Boot.php(68): CodeIgniter\Boot::runCodeIgniter(Object(CodeIgniter\CodeIgniter))
12 FCPATH\index.php(59): CodeIgniter\Boot::bootWeb(Object(Config\Paths))
13 SYSTEMPATH\rewrite.php(44): require_once('C:\\xampp\\htdocs\\chartsci\\public\\index.php')
ERROR - 2025-10-06 08:19:12 --> Error connecting to the database: ErrorException: pg_connect(): Unable to connect to PostgreSQL server: could not translate host name &quot;db.sxlhygcxwwujmdpmzaob.supabase.co&quot; to address: Unknown host in C:\xampp\htdocs\chartsci\system\Database\Postgre\Connection.php:78
Stack trace:
#0 [internal function]: CodeIgniter\Debug\Exceptions->errorHandler(2, 'pg_connect(): U...', 'C:\\xampp\\htdocs...', 78)
#1 C:\xampp\htdocs\chartsci\system\Database\Postgre\Connection.php(78): pg_connect('host=db.sxlhygc...')
#2 C:\xampp\htdocs\chartsci\system\Database\BaseConnection.php(419): CodeIgniter\Database\Postgre\Connection->connect(false)
#3 C:\xampp\htdocs\chartsci\system\Database\BaseConnection.php(614): CodeIgniter\Database\BaseConnection->initialize()
#4 C:\xampp\htdocs\chartsci\system\Database\BaseBuilder.php(1649): CodeIgniter\Database\BaseConnection->query('SELECT "tahun",...', Array, false)
#5 C:\xampp\htdocs\chartsci\system\Model.php(286): CodeIgniter\Database\BaseBuilder->get()
#6 C:\xampp\htdocs\chartsci\system\BaseModel.php(677): CodeIgniter\Model->doFindAll(0, 0)
#7 C:\xampp\htdocs\chartsci\app\Models\ModelDashboard.php(58): CodeIgniter\BaseModel->findAll()
#8 C:\xampp\htdocs\chartsci\app\Controllers\Dashboard.php(81): App\Models\ModelDashboard->getLineData('jenis_rs', '2024', '2025', '', '')
#9 C:\xampp\htdocs\chartsci\system\CodeIgniter.php(933): App\Controllers\Dashboard->getLineData('jenis')
#10 C:\xampp\htdocs\chartsci\system\CodeIgniter.php(507): CodeIgniter\CodeIgniter->runController(Object(App\Controllers\Dashboard))
#11 C:\xampp\htdocs\chartsci\system\CodeIgniter.php(354): CodeIgniter\CodeIgniter->handleRequest(NULL, Object(Config\Cache), false)
#12 C:\xampp\htdocs\chartsci\system\Boot.php(363): CodeIgniter\CodeIgniter->run()
#13 C:\xampp\htdocs\chartsci\system\Boot.php(68): CodeIgniter\Boot::runCodeIgniter(Object(CodeIgniter\CodeIgniter))
#14 C:\xampp\htdocs\chartsci\public\index.php(59): CodeIgniter\Boot::bootWeb(Object(Config\Paths))
#15 C:\xampp\htdocs\chartsci\system\rewrite.php(44): require_once('C:\\xampp\\htdocs...')
#16 {main}
CRITICAL - 2025-10-06 08:19:12 --> CodeIgniter\Database\Exceptions\DatabaseException: Unable to connect to the database.
Main connection [Postgre]: pg_connect(): Unable to connect to PostgreSQL server: could not translate host name &quot;db.sxlhygcxwwujmdpmzaob.supabase.co&quot; to address: Unknown host
[Method: GET, Route: dashboard/line/jenis]
in SYSTEMPATH\Database\BaseConnection.php on line 465.
 1 SYSTEMPATH\Database\BaseConnection.php(614): CodeIgniter\Database\BaseConnection->initialize()
 2 SYSTEMPATH\Database\BaseBuilder.php(1649): CodeIgniter\Database\BaseConnection->query('SELECT "tahun", "jenis_rs", COUNT(*) as total
FROM "data_rs"
WHERE "tahun" >= :tahun:
AND "tahun" <= :tahun.1:
GROUP BY "tahun", "jenis_rs"
ORDER BY "tahun" ASC, "jenis_rs" ASC', [...], false)
 3 SYSTEMPATH\Model.php(286): CodeIgniter\Database\BaseBuilder->get()
 4 SYSTEMPATH\BaseModel.php(677): CodeIgniter\Model->doFindAll(0, 0)
 5 APPPATH\Models\ModelDashboard.php(58): CodeIgniter\BaseModel->findAll()
 6 APPPATH\Controllers\Dashboard.php(81): App\Models\ModelDashboard->getLineData('jenis_rs', '2024', '2025', '', '')
 7 SYSTEMPATH\CodeIgniter.php(933): App\Controllers\Dashboard->getLineData('jenis')
 8 SYSTEMPATH\CodeIgniter.php(507): CodeIgniter\CodeIgniter->runController(Object(App\Controllers\Dashboard))
 9 SYSTEMPATH\CodeIgniter.php(354): CodeIgniter\CodeIgniter->handleRequest(null, Object(Config\Cache), false)
10 SYSTEMPATH\Boot.php(363): CodeIgniter\CodeIgniter->run()
11 SYSTEMPATH\Boot.php(68): CodeIgniter\Boot::runCodeIgniter(Object(CodeIgniter\CodeIgniter))
12 FCPATH\index.php(59): CodeIgniter\Boot::bootWeb(Object(Config\Paths))
13 SYSTEMPATH\rewrite.php(44): require_once('C:\\xampp\\htdocs\\chartsci\\public\\index.php')
ERROR - 2025-10-06 08:19:15 --> Error connecting to the database: ErrorException: pg_connect(): Unable to connect to PostgreSQL server: could not translate host name &quot;db.sxlhygcxwwujmdpmzaob.supabase.co&quot; to address: Unknown host in C:\xampp\htdocs\chartsci\system\Database\Postgre\Connection.php:78
Stack trace:
#0 [internal function]: CodeIgniter\Debug\Exceptions->errorHandler(2, 'pg_connect(): U...', 'C:\\xampp\\htdocs...', 78)
#1 C:\xampp\htdocs\chartsci\system\Database\Postgre\Connection.php(78): pg_connect('host=db.sxlhygc...')
#2 C:\xampp\htdocs\chartsci\system\Database\BaseConnection.php(419): CodeIgniter\Database\Postgre\Connection->connect(false)
#3 C:\xampp\htdocs\chartsci\system\Database\BaseConnection.php(614): CodeIgniter\Database\BaseConnection->initialize()
#4 C:\xampp\htdocs\chartsci\system\Database\BaseBuilder.php(1649): CodeIgniter\Database\BaseConnection->query('SELECT "jenis_r...', Array, false)
#5 C:\xampp\htdocs\chartsci\system\Model.php(286): CodeIgniter\Database\BaseBuilder->get()
#6 C:\xampp\htdocs\chartsci\system\BaseModel.php(677): CodeIgniter\Model->doFindAll(0, 0)
#7 C:\xampp\htdocs\chartsci\app\Models\ModelDashboard.php(44): CodeIgniter\BaseModel->findAll()
#8 C:\xampp\htdocs\chartsci\app\Controllers\Dashboard.php(55): App\Models\ModelDashboard->getBarData('jenis_rs', '2025', '', '')
#9 C:\xampp\htdocs\chartsci\system\CodeIgniter.php(933): App\Controllers\Dashboard->getBarData('jenis')
#10 C:\xampp\htdocs\chartsci\system\CodeIgniter.php(507): CodeIgniter\CodeIgniter->runController(Object(App\Controllers\Dashboard))
#11 C:\xampp\htdocs\chartsci\system\CodeIgniter.php(354): CodeIgniter\CodeIgniter->handleRequest(NULL, Object(Config\Cache), false)
#12 C:\xampp\htdocs\chartsci\system\Boot.php(363): CodeIgniter\CodeIgniter->run()
#13 C:\xampp\htdocs\chartsci\system\Boot.php(68): CodeIgniter\Boot::runCodeIgniter(Object(CodeIgniter\CodeIgniter))
#14 C:\xampp\htdocs\chartsci\public\index.php(59): CodeIgniter\Boot::bootWeb(Object(Config\Paths))
#15 C:\xampp\htdocs\chartsci\system\rewrite.php(44): require_once('C:\\xampp\\htdocs...')
#16 {main}
CRITICAL - 2025-10-06 08:19:15 --> CodeIgniter\Database\Exceptions\DatabaseException: Unable to connect to the database.
Main connection [Postgre]: pg_connect(): Unable to connect to PostgreSQL server: could not translate host name &quot;db.sxlhygcxwwujmdpmzaob.supabase.co&quot; to address: Unknown host
[Method: GET, Route: dashboard/bar/jenis]
in SYSTEMPATH\Database\BaseConnection.php on line 465.
 1 SYSTEMPATH\Database\BaseConnection.php(614): CodeIgniter\Database\BaseConnection->initialize()
 2 SYSTEMPATH\Database\BaseBuilder.php(1649): CodeIgniter\Database\BaseConnection->query('SELECT "jenis_rs", COUNT(*) as total
FROM "data_rs"
WHERE "tahun" = :tahun:
GROUP BY "jenis_rs"
ORDER BY "jenis_rs" ASC', [...], false)
 3 SYSTEMPATH\Model.php(286): CodeIgniter\Database\BaseBuilder->get()
 4 SYSTEMPATH\BaseModel.php(677): CodeIgniter\Model->doFindAll(0, 0)
 5 APPPATH\Models\ModelDashboard.php(44): CodeIgniter\BaseModel->findAll()
 6 APPPATH\Controllers\Dashboard.php(55): App\Models\ModelDashboard->getBarData('jenis_rs', '2025', '', '')
 7 SYSTEMPATH\CodeIgniter.php(933): App\Controllers\Dashboard->getBarData('jenis')
 8 SYSTEMPATH\CodeIgniter.php(507): CodeIgniter\CodeIgniter->runController(Object(App\Controllers\Dashboard))
 9 SYSTEMPATH\CodeIgniter.php(354): CodeIgniter\CodeIgniter->handleRequest(null, Object(Config\Cache), false)
10 SYSTEMPATH\Boot.php(363): CodeIgniter\CodeIgniter->run()
11 SYSTEMPATH\Boot.php(68): CodeIgniter\Boot::runCodeIgniter(Object(CodeIgniter\CodeIgniter))
12 FCPATH\index.php(59): CodeIgniter\Boot::bootWeb(Object(Config\Paths))
13 SYSTEMPATH\rewrite.php(44): require_once('C:\\xampp\\htdocs\\chartsci\\public\\index.php')
ERROR - 2025-10-06 08:19:19 --> Error connecting to the database: ErrorException: pg_connect(): Unable to connect to PostgreSQL server: could not translate host name &quot;db.sxlhygcxwwujmdpmzaob.supabase.co&quot; to address: Unknown host in C:\xampp\htdocs\chartsci\system\Database\Postgre\Connection.php:78
Stack trace:
#0 [internal function]: CodeIgniter\Debug\Exceptions->errorHandler(2, 'pg_connect(): U...', 'C:\\xampp\\htdocs...', 78)
#1 C:\xampp\htdocs\chartsci\system\Database\Postgre\Connection.php(78): pg_connect('host=db.sxlhygc...')
#2 C:\xampp\htdocs\chartsci\system\Database\BaseConnection.php(419): CodeIgniter\Database\Postgre\Connection->connect(false)
#3 C:\xampp\htdocs\chartsci\system\Database\BaseConnection.php(614): CodeIgniter\Database\BaseConnection->initialize()
#4 C:\xampp\htdocs\chartsci\system\Database\BaseBuilder.php(1649): CodeIgniter\Database\BaseConnection->query('SELECT DISTINCT...', Array, false)
#5 C:\xampp\htdocs\chartsci\system\Model.php(286): CodeIgniter\Database\BaseBuilder->get()
#6 C:\xampp\htdocs\chartsci\system\BaseModel.php(677): CodeIgniter\Model->doFindAll(0, 0)
#7 C:\xampp\htdocs\chartsci\app\Models\ModelDashboard.php(25): CodeIgniter\BaseModel->findAll()
#8 C:\xampp\htdocs\chartsci\app\Controllers\Dashboard.php(19): App\Models\ModelDashboard->getListProvinsi()
#9 C:\xampp\htdocs\chartsci\system\CodeIgniter.php(933): App\Controllers\Dashboard->index()
#10 C:\xampp\htdocs\chartsci\system\CodeIgniter.php(507): CodeIgniter\CodeIgniter->runController(Object(App\Controllers\Dashboard))
#11 C:\xampp\htdocs\chartsci\system\CodeIgniter.php(354): CodeIgniter\CodeIgniter->handleRequest(NULL, Object(Config\Cache), false)
#12 C:\xampp\htdocs\chartsci\system\Boot.php(363): CodeIgniter\CodeIgniter->run()
#13 C:\xampp\htdocs\chartsci\system\Boot.php(68): CodeIgniter\Boot::runCodeIgniter(Object(CodeIgniter\CodeIgniter))
#14 C:\xampp\htdocs\chartsci\public\index.php(59): CodeIgniter\Boot::bootWeb(Object(Config\Paths))
#15 C:\xampp\htdocs\chartsci\system\rewrite.php(44): require_once('C:\\xampp\\htdocs...')
#16 {main}
CRITICAL - 2025-10-06 08:19:20 --> CodeIgniter\Database\Exceptions\DatabaseException: Unable to connect to the database.
Main connection [Postgre]: pg_connect(): Unable to connect to PostgreSQL server: could not translate host name &quot;db.sxlhygcxwwujmdpmzaob.supabase.co&quot; to address: Unknown host
[Method: GET, Route: /]
in SYSTEMPATH\Database\BaseConnection.php on line 465.
 1 SYSTEMPATH\Database\BaseConnection.php(614): CodeIgniter\Database\BaseConnection->initialize()
 2 SYSTEMPATH\Database\BaseBuilder.php(1649): CodeIgniter\Database\BaseConnection->query('SELECT DISTINCT "provinsi"
FROM "data_rs"
ORDER BY "provinsi" ASC', [], false)
 3 SYSTEMPATH\Model.php(286): CodeIgniter\Database\BaseBuilder->get()
 4 SYSTEMPATH\BaseModel.php(677): CodeIgniter\Model->doFindAll(0, 0)
 5 APPPATH\Models\ModelDashboard.php(25): CodeIgniter\BaseModel->findAll()
 6 APPPATH\Controllers\Dashboard.php(19): App\Models\ModelDashboard->getListProvinsi()
 7 SYSTEMPATH\CodeIgniter.php(933): App\Controllers\Dashboard->index()
 8 SYSTEMPATH\CodeIgniter.php(507): CodeIgniter\CodeIgniter->runController(Object(App\Controllers\Dashboard))
 9 SYSTEMPATH\CodeIgniter.php(354): CodeIgniter\CodeIgniter->handleRequest(null, Object(Config\Cache), false)
10 SYSTEMPATH\Boot.php(363): CodeIgniter\CodeIgniter->run()
11 SYSTEMPATH\Boot.php(68): CodeIgniter\Boot::runCodeIgniter(Object(CodeIgniter\CodeIgniter))
12 FCPATH\index.php(59): CodeIgniter\Boot::bootWeb(Object(Config\Paths))
13 SYSTEMPATH\rewrite.php(44): require_once('C:\\xampp\\htdocs\\chartsci\\public\\index.php')
